<?xml version="1.0" encoding="UTF-8"?>
<!-- Generated by org.testng.reporters.JUnitXMLReporter -->
<testsuite hostname="BDC8-DX-6NNJH92" ignored="0" name="Test" tests="1" failures="1" timestamp="18 Jul 2018 04:44:11 GMT" time="0.027" errors="0">
  <testcase name="newtest" time="0.0" classname="p1.Class">
    <failure type="org.testng.TestNGException" message="
Parameter &amp;apos;browser&amp;apos; is required by @Test on method newtest but has not been marked @Optional or defined
in C:\devops practice\p1\test-output\New.xml">
      <![CDATA[org.testng.TestNGException: 
Parameter 'browser' is required by @Test on method newtest but has not been marked @Optional or defined
in C:\devops practice\p1\test-output\New.xml
... Removed 24 stack frames]]>
    </failure>
  </testcase> <!-- newtest -->
</testsuite> <!-- Test -->
